
> frontend@0.1.18 type-check
> tsc --noEmit

features/hr/components/payrolls/PayrollDetailContent.tsx(86,116): error TS2345: Argument of type 'EmployeeBasic | undefined' is not assignable to parameter of type 'EmployeeBasic | undefined'.
  Type 'EmployeeBasic' is not assignable to type 'EmployeeBasic'. Two different types with this name exist, but they are unrelated.
    Types of property 'contact_detail' are incompatible.
      Type '{ name?: string | undefined; tax_id?: string | undefined; } | null | undefined' is not assignable to type '{ name?: string | undefined; tax_id?: string | undefined; } | undefined'.
        Type 'null' is not assignable to type '{ name?: string | undefined; tax_id?: string | undefined; } | undefined'.
features/inventory/components/AdjustmentForm.tsx(165,20): error TS2345: Argument of type 'UoM | null' is not assignable to parameter of type 'SetStateAction<UoM | null>'.
  Type 'UoM' is not assignable to type 'SetStateAction<UoM | null>'.
    Type 'import("/home/pato/Nextcloud/Pato/Aplicaciones/ERPGrafico/frontend/features/inventory/hooks/useUoMs").UoM' is not assignable to type 'import("/home/pato/Nextcloud/Pato/Aplicaciones/ERPGrafico/frontend/types/entities").UoM'.
      Types of property 'ratio' are incompatible.
        Type 'string' is not assignable to type 'number'.
features/inventory/components/AdjustmentForm.tsx(206,31): error TS2345: Argument of type 'StockMovePayload' is not assignable to parameter of type 'StockAdjustmentPayload'.
  Types of property 'uom_id' are incompatible.
    Type 'string | undefined' is not assignable to type 'string | number'.
      Type 'undefined' is not assignable to type 'string | number'.
features/inventory/components/AttributeManager.tsx(284,21): error TS2322: Type 'Attribute[]' is not assignable to type 'ProductAttribute[]'.
  Type 'Attribute' is not assignable to type 'ProductAttribute'.
    Types of property 'values' are incompatible.
      Type 'AttributeValue[] | undefined' is not assignable to type 'ProductAttributeValue[] | undefined'.
        Type 'AttributeValue[]' is not assignable to type 'ProductAttributeValue[]'.
          Property 'value' is missing in type 'AttributeValue' but required in type 'ProductAttributeValue'.
features/inventory/components/CategoryDrawer.tsx(171,5): error TS2339: Property 'sidebar' does not exist on type 'CategoryDrawerProps'.
features/inventory/components/SubscriptionHistoryModal.tsx(198,61): error TS2322: Type '(val: number | undefined) => [string, string]' is not assignable to type 'Formatter<ValueType, NameType> & ((value: ValueType, name: NameType, item: TooltipPayloadEntry, index: number, payload: TooltipPayload) => ReactNode | [...])'.
  Type '(val: number | undefined) => [string, string]' is not assignable to type 'Formatter<ValueType, NameType>'.
    Types of parameters 'val' and 'value' are incompatible.
      Type 'ValueType | undefined' is not assignable to type 'number | undefined'.
        Type 'string' is not assignable to type 'number'.
features/inventory/components/SubscriptionsView.tsx(448,72): error TS2339: Property 'name' does not exist on type 'Subscription'.
features/inventory/components/SubscriptionsView.tsx(449,58): error TS2339: Property 'frequency' does not exist on type 'Subscription'.
features/inventory/components/UoMDrawer.tsx(26,26): error TS2353: Object literal may only specify known properties, and 'required_error' does not exist in type '{ error?: string | $ZodErrorMap<$ZodIssueInvalidType<unknown>> | undefined; message?: string | undefined; }'.
features/inventory/components/UoMDrawer.tsx(27,17): error TS2769: No overload matches this call.
  Overload 1 of 2, '(values: readonly ["REFERENCE", "BIGGER", "SMALLER"], params?: string | { error?: string | $ZodErrorMap<$ZodIssueInvalidValue<unknown>> | undefined; message?: string | undefined; } | undefined): ZodEnum<...>', gave the following error.
    Object literal may only specify known properties, and 'required_error' does not exist in type '{ error?: string | $ZodErrorMap<$ZodIssueInvalidValue<unknown>> | undefined; message?: string | undefined; }'.
  Overload 2 of 2, '(entries: Readonly<Record<string, EnumValue>>, params?: string | { error?: string | $ZodErrorMap<$ZodIssueInvalidValue<unknown>> | undefined; message?: string | undefined; } | undefined): ZodEnum<...>', gave the following error.
    Argument of type 'string[]' is not assignable to parameter of type 'Readonly<Record<string, EnumValue>>'.
      Index signature for type 'string' is missing in type 'string[]'.
features/inventory/components/UoMDrawer.tsx(50,9): error TS2322: Type 'Resolver<{ name: string; category: number; uom_type: "REFERENCE" | "BIGGER" | "SMALLER"; ratio?: unknown; }, any, { name: string; category: number; uom_type: "REFERENCE" | "BIGGER" | "SMALLER"; ratio?: number | undefined; }>' is not assignable to type 'Resolver<{ name: string; category: number; uom_type: "REFERENCE" | "BIGGER" | "SMALLER"; ratio?: number | undefined; }, any, { name: string; category: number; uom_type: "REFERENCE" | "BIGGER" | "SMALLER"; ratio?: number | undefined; }>'.
  Types of parameters 'options' and 'options' are incompatible.
    Type 'ResolverOptions<{ name: string; category: number; uom_type: "REFERENCE" | "BIGGER" | "SMALLER"; ratio?: number | undefined; }>' is not assignable to type 'ResolverOptions<{ name: string; category: number; uom_type: "REFERENCE" | "BIGGER" | "SMALLER"; ratio?: unknown; }>'.
      Type 'unknown' is not assignable to type 'number | undefined'.
features/inventory/components/UoMDrawer.tsx(158,61): error TS2345: Argument of type '(data: { name: string; category: number; uom_type: "REFERENCE" | "BIGGER" | "SMALLER"; ratio?: number | undefined; }) => Promise<void>' is not assignable to parameter of type 'SubmitHandler<TFieldValues>'.
  Types of parameters 'data' and 'data' are incompatible.
    Type 'TFieldValues' is not assignable to type '{ name: string; category: number; uom_type: "REFERENCE" | "BIGGER" | "SMALLER"; ratio?: number | undefined; }'.
      Type 'FieldValues' is missing the following properties from type '{ name: string; category: number; uom_type: "REFERENCE" | "BIGGER" | "SMALLER"; ratio?: number | undefined; }': name, category, uom_type
features/inventory/components/UoMDrawer.tsx(163,41): error TS2322: Type 'Control<{ name: string; category: number; uom_type: "REFERENCE" | "BIGGER" | "SMALLER"; ratio?: number | undefined; }, any, TFieldValues>' is not assignable to type 'Control<{ name: string; category: number; uom_type: "REFERENCE" | "BIGGER" | "SMALLER"; ratio?: number | undefined; }, any, { name: string; category: number; uom_type: "REFERENCE" | "BIGGER" | "SMALLER"; ratio?: number | undefined; }>'.
  The types of '_options.resolver' are incompatible between these types.
    Type 'Resolver<{ name: string; category: number; uom_type: "REFERENCE" | "BIGGER" | "SMALLER"; ratio?: number | undefined; }, any, TFieldValues> | undefined' is not assignable to type 'Resolver<{ name: string; category: number; uom_type: "REFERENCE" | "BIGGER" | "SMALLER"; ratio?: number | undefined; }, any, { name: string; category: number; uom_type: "REFERENCE" | "BIGGER" | "SMALLER"; ratio?: number | undefined; }> | undefined'.
      Type 'Resolver<{ name: string; category: number; uom_type: "REFERENCE" | "BIGGER" | "SMALLER"; ratio?: number | undefined; }, any, TFieldValues>' is not assignable to type 'Resolver<{ name: string; category: number; uom_type: "REFERENCE" | "BIGGER" | "SMALLER"; ratio?: number | undefined; }, any, { name: string; category: number; uom_type: "REFERENCE" | "BIGGER" | "SMALLER"; ratio?: number | undefined; }>'.
        Type 'ResolverResult<{ name: string; category: number; uom_type: "REFERENCE" | "BIGGER" | "SMALLER"; ratio?: number | undefined; }, TFieldValues> | Promise<ResolverResult<...>>' is not assignable to type 'ResolverResult<{ name: string; category: number; uom_type: "REFERENCE" | "BIGGER" | "SMALLER"; ratio?: number | undefined; }, { name: string; category: number; uom_type: "REFERENCE" | "BIGGER" | "SMALLER"; ratio?: number | undefined; }> | Promise<...>'.
          Type 'ResolverSuccess<TFieldValues>' is not assignable to type 'ResolverResult<{ name: string; category: number; uom_type: "REFERENCE" | "BIGGER" | "SMALLER"; ratio?: number | undefined; }, { name: string; category: number; uom_type: "REFERENCE" | "BIGGER" | "SMALLER"; ratio?: number | undefined; }> | Promise<...>'.
            Type 'ResolverSuccess<TFieldValues>' is not assignable to type 'ResolverSuccess<{ name: string; category: number; uom_type: "REFERENCE" | "BIGGER" | "SMALLER"; ratio?: number | undefined; }>'.
              Type 'TFieldValues' is not assignable to type '{ name: string; category: number; uom_type: "REFERENCE" | "BIGGER" | "SMALLER"; ratio?: number | undefined; }'.
                Type 'FieldValues' is missing the following properties from type '{ name: string; category: number; uom_type: "REFERENCE" | "BIGGER" | "SMALLER"; ratio?: number | undefined; }': name, category, uom_type
features/inventory/components/UoMDrawer.tsx(177,41): error TS2322: Type 'Control<{ name: string; category: number; uom_type: "REFERENCE" | "BIGGER" | "SMALLER"; ratio?: number | undefined; }, any, TFieldValues>' is not assignable to type 'Control<{ name: string; category: number; uom_type: "REFERENCE" | "BIGGER" | "SMALLER"; ratio?: number | undefined; }, any, { name: string; category: number; uom_type: "REFERENCE" | "BIGGER" | "SMALLER"; ratio?: number | undefined; }>'.
  The types of '_options.resolver' are incompatible between these types.
    Type 'Resolver<{ name: string; category: number; uom_type: "REFERENCE" | "BIGGER" | "SMALLER"; ratio?: number | undefined; }, any, TFieldValues> | undefined' is not assignable to type 'Resolver<{ name: string; category: number; uom_type: "REFERENCE" | "BIGGER" | "SMALLER"; ratio?: number | undefined; }, any, { name: string; category: number; uom_type: "REFERENCE" | "BIGGER" | "SMALLER"; ratio?: number | undefined; }> | undefined'.
      Type 'Resolver<{ name: string; category: number; uom_type: "REFERENCE" | "BIGGER" | "SMALLER"; ratio?: number | undefined; }, any, TFieldValues>' is not assignable to type 'Resolver<{ name: string; category: number; uom_type: "REFERENCE" | "BIGGER" | "SMALLER"; ratio?: number | undefined; }, any, { name: string; category: number; uom_type: "REFERENCE" | "BIGGER" | "SMALLER"; ratio?: number | undefined; }>'.
        Type 'ResolverResult<{ name: string; category: number; uom_type: "REFERENCE" | "BIGGER" | "SMALLER"; ratio?: number | undefined; }, TFieldValues> | Promise<ResolverResult<...>>' is not assignable to type 'ResolverResult<{ name: string; category: number; uom_type: "REFERENCE" | "BIGGER" | "SMALLER"; ratio?: number | undefined; }, { name: string; category: number; uom_type: "REFERENCE" | "BIGGER" | "SMALLER"; ratio?: number | undefined; }> | Promise<...>'.
          Type 'ResolverSuccess<TFieldValues>' is not assignable to type 'ResolverResult<{ name: string; category: number; uom_type: "REFERENCE" | "BIGGER" | "SMALLER"; ratio?: number | undefined; }, { name: string; category: number; uom_type: "REFERENCE" | "BIGGER" | "SMALLER"; ratio?: number | undefined; }> | Promise<...>'.
            Type 'ResolverSuccess<TFieldValues>' is not assignable to type 'ResolverSuccess<{ name: string; category: number; uom_type: "REFERENCE" | "BIGGER" | "SMALLER"; ratio?: number | undefined; }>'.
              Type 'TFieldValues' is not assignable to type '{ name: string; category: number; uom_type: "REFERENCE" | "BIGGER" | "SMALLER"; ratio?: number | undefined; }'.
                Type 'FieldValues' is missing the following properties from type '{ name: string; category: number; uom_type: "REFERENCE" | "BIGGER" | "SMALLER"; ratio?: number | undefined; }': name, category, uom_type
features/inventory/components/UoMDrawer.tsx(269,41): error TS2322: Type 'Control<{ name: string; category: number; uom_type: "REFERENCE" | "BIGGER" | "SMALLER"; ratio?: number | undefined; }, any, TFieldValues>' is not assignable to type 'Control<{ name: string; category: number; uom_type: "REFERENCE" | "BIGGER" | "SMALLER"; ratio?: number | undefined; }, any, { name: string; category: number; uom_type: "REFERENCE" | "BIGGER" | "SMALLER"; ratio?: number | undefined; }>'.
  The types of '_options.resolver' are incompatible between these types.
    Type 'Resolver<{ name: string; category: number; uom_type: "REFERENCE" | "BIGGER" | "SMALLER"; ratio?: number | undefined; }, any, TFieldValues> | undefined' is not assignable to type 'Resolver<{ name: string; category: number; uom_type: "REFERENCE" | "BIGGER" | "SMALLER"; ratio?: number | undefined; }, any, { name: string; category: number; uom_type: "REFERENCE" | "BIGGER" | "SMALLER"; ratio?: number | undefined; }> | undefined'.
      Type 'Resolver<{ name: string; category: number; uom_type: "REFERENCE" | "BIGGER" | "SMALLER"; ratio?: number | undefined; }, any, TFieldValues>' is not assignable to type 'Resolver<{ name: string; category: number; uom_type: "REFERENCE" | "BIGGER" | "SMALLER"; ratio?: number | undefined; }, any, { name: string; category: number; uom_type: "REFERENCE" | "BIGGER" | "SMALLER"; ratio?: number | undefined; }>'.
        Type 'ResolverResult<{ name: string; category: number; uom_type: "REFERENCE" | "BIGGER" | "SMALLER"; ratio?: number | undefined; }, TFieldValues> | Promise<ResolverResult<...>>' is not assignable to type 'ResolverResult<{ name: string; category: number; uom_type: "REFERENCE" | "BIGGER" | "SMALLER"; ratio?: number | undefined; }, { name: string; category: number; uom_type: "REFERENCE" | "BIGGER" | "SMALLER"; ratio?: number | undefined; }> | Promise<...>'.
          Type 'ResolverSuccess<TFieldValues>' is not assignable to type 'ResolverResult<{ name: string; category: number; uom_type: "REFERENCE" | "BIGGER" | "SMALLER"; ratio?: number | undefined; }, { name: string; category: number; uom_type: "REFERENCE" | "BIGGER" | "SMALLER"; ratio?: number | undefined; }> | Promise<...>'.
            Type 'ResolverSuccess<TFieldValues>' is not assignable to type 'ResolverSuccess<{ name: string; category: number; uom_type: "REFERENCE" | "BIGGER" | "SMALLER"; ratio?: number | undefined; }>'.
              Type 'TFieldValues' is not assignable to type '{ name: string; category: number; uom_type: "REFERENCE" | "BIGGER" | "SMALLER"; ratio?: number | undefined; }'.
                Type 'FieldValues' is missing the following properties from type '{ name: string; category: number; uom_type: "REFERENCE" | "BIGGER" | "SMALLER"; ratio?: number | undefined; }': name, category, uom_type
features/inventory/components/UoMDrawer.tsx(327,49): error TS2322: Type 'Control<{ name: string; category: number; uom_type: "REFERENCE" | "BIGGER" | "SMALLER"; ratio?: number | undefined; }, any, TFieldValues>' is not assignable to type 'Control<{ name: string; category: number; uom_type: "REFERENCE" | "BIGGER" | "SMALLER"; ratio?: number | undefined; }, any, { name: string; category: number; uom_type: "REFERENCE" | "BIGGER" | "SMALLER"; ratio?: number | undefined; }>'.
  The types of '_options.resolver' are incompatible between these types.
    Type 'Resolver<{ name: string; category: number; uom_type: "REFERENCE" | "BIGGER" | "SMALLER"; ratio?: number | undefined; }, any, TFieldValues> | undefined' is not assignable to type 'Resolver<{ name: string; category: number; uom_type: "REFERENCE" | "BIGGER" | "SMALLER"; ratio?: number | undefined; }, any, { name: string; category: number; uom_type: "REFERENCE" | "BIGGER" | "SMALLER"; ratio?: number | undefined; }> | undefined'.
      Type 'Resolver<{ name: string; category: number; uom_type: "REFERENCE" | "BIGGER" | "SMALLER"; ratio?: number | undefined; }, any, TFieldValues>' is not assignable to type 'Resolver<{ name: string; category: number; uom_type: "REFERENCE" | "BIGGER" | "SMALLER"; ratio?: number | undefined; }, any, { name: string; category: number; uom_type: "REFERENCE" | "BIGGER" | "SMALLER"; ratio?: number | undefined; }>'.
        Type 'ResolverResult<{ name: string; category: number; uom_type: "REFERENCE" | "BIGGER" | "SMALLER"; ratio?: number | undefined; }, TFieldValues> | Promise<ResolverResult<...>>' is not assignable to type 'ResolverResult<{ name: string; category: number; uom_type: "REFERENCE" | "BIGGER" | "SMALLER"; ratio?: number | undefined; }, { name: string; category: number; uom_type: "REFERENCE" | "BIGGER" | "SMALLER"; ratio?: number | undefined; }> | Promise<...>'.
          Type 'ResolverSuccess<TFieldValues>' is not assignable to type 'ResolverResult<{ name: string; category: number; uom_type: "REFERENCE" | "BIGGER" | "SMALLER"; ratio?: number | undefined; }, { name: string; category: number; uom_type: "REFERENCE" | "BIGGER" | "SMALLER"; ratio?: number | undefined; }> | Promise<...>'.
            Type 'ResolverSuccess<TFieldValues>' is not assignable to type 'ResolverSuccess<{ name: string; category: number; uom_type: "REFERENCE" | "BIGGER" | "SMALLER"; ratio?: number | undefined; }>'.
              Type 'TFieldValues' is not assignable to type '{ name: string; category: number; uom_type: "REFERENCE" | "BIGGER" | "SMALLER"; ratio?: number | undefined; }'.
                Type 'FieldValues' is missing the following properties from type '{ name: string; category: number; uom_type: "REFERENCE" | "BIGGER" | "SMALLER"; ratio?: number | undefined; }': name, category, uom_type
features/inventory/components/WarehouseDrawer.tsx(174,14): error TS2741: Property 'onOpenChange' is missing in type '{ children: Element; open: boolean; side: "left"; defaultSize: string; contentClassName: string; icon: ForwardRefExoticComponent<Omit<LucideProps, "ref"> & RefAttributes<SVGSVGElement>>; title: string; subtitle: string | undefined; footer: Element; }' but required in type 'DrawerProps'.
features/inventory/components/WarehouseDrawer.tsx(188,22): error TS2741: Property 'actions' is missing in type '{ children: Element[]; }' but required in type 'FormFooterProps'.
features/inventory/components/product/ProductSubscriptionTab.tsx(197,41): error TS2322: Type 'boolean | undefined' is not assignable to type 'boolean'.
  Type 'undefined' is not assignable to type 'boolean'.
features/inventory/components/product/ProductVariantsTab.tsx(377,61): error TS2322: Type '{ icon: ForwardRefExoticComponent<Omit<LucideProps, "ref"> & RefAttributes<SVGSVGElement>>; title: string; compact: true; onClick: (e: MouseEvent<...> | MouseEvent<...>) => void; }' is not assignable to type 'IntrinsicAttributes & { action?: RowActionKey | undefined; icon?: LucideIcon | undefined; onClick?: ((e: MouseEvent<Element, MouseEvent>) => void) | undefined; title?: string | undefined; className?: string | undefined; color?: string | undefined; variant?: "default" | ... 3 more ... | undefined; } & Omit<...>'.
  Property 'compact' does not exist on type 'IntrinsicAttributes & { action?: RowActionKey | undefined; icon?: LucideIcon | undefined; onClick?: ((e: MouseEvent<Element, MouseEvent>) => void) | undefined; title?: string | undefined; className?: string | undefined; color?: string | undefined; variant?: "default" | ... 3 more ... | undefined; } & Omit<...>'.
features/inventory/components/product/ProductVariantsTab.tsx(417,33): error TS2552: Cannot find name 'setVariants'. Did you mean 'variants'?
features/inventory/components/product/ProductVariantsTab.tsx(417,45): error TS7006: Parameter 'prev' implicitly has an 'any' type.
features/inventory/components/product/ProductVariantsTab.tsx(417,62): error TS7006: Parameter 'v' implicitly has an 'any' type.
features/inventory/components/product/ProductVariantsTab.tsx(431,33): error TS2552: Cannot find name 'setVariants'. Did you mean 'variants'?
features/inventory/components/product/ProductVariantsTab.tsx(431,45): error TS7006: Parameter 'prev' implicitly has an 'any' type.
features/inventory/components/product/ProductVariantsTab.tsx(431,62): error TS7006: Parameter 'v' implicitly has an 'any' type.
features/inventory/components/product/VariantQuickEditForm.tsx(129,57): error TS2559: Type '{ sale_price: number; code: string; sale_uom: number | undefined; price_inheritance_mode: "INHERIT" | "OVERRIDE" | "SURCHARGE"; price_surcharge: number | null; }' has no properties in common with type 'ProductUpdatePayload'.
features/orders/components/ActionButton.tsx(77,29): error TS2367: This comparison appears to be unintentional because the types '"warning" | "info" | "pending" | "completed" | undefined' and '"destructive"' have no overlap.
features/orders/components/ActionButton.tsx(78,29): error TS2367: This comparison appears to be unintentional because the types '"warning" | "info" | "pending" | "completed" | undefined' and '"default"' have no overlap.
features/orders/components/phases/PhaseCard.tsx(357,49): error TS2322: Type '{ action: "view"; title: string; compact: true; disabled: boolean | undefined; onClick: (e: MouseEvent<HTMLButtonElement, MouseEvent> | MouseEvent<...>) => void; }' is not assignable to type 'IntrinsicAttributes & { action?: RowActionKey | undefined; icon?: LucideIcon | undefined; onClick?: ((e: MouseEvent<Element, MouseEvent>) => void) | undefined; title?: string | undefined; className?: string | undefined; color?: string | undefined; variant?: "default" | ... 3 more ... | undefined; } & Omit<...>'.
  Property 'compact' does not exist on type 'IntrinsicAttributes & { action?: RowActionKey | undefined; icon?: LucideIcon | undefined; onClick?: ((e: MouseEvent<Element, MouseEvent>) => void) | undefined; title?: string | undefined; className?: string | undefined; color?: string | undefined; variant?: "default" | ... 3 more ... | undefined; } & Omit<...>'.
features/pos/components/CartItem.tsx(232,29): error TS2322: Type '{ action: "delete"; compact: boolean; onClick: () => void; }' is not assignable to type 'IntrinsicAttributes & { action?: RowActionKey | undefined; icon?: LucideIcon | undefined; onClick?: ((e: MouseEvent<Element, MouseEvent>) => void) | undefined; title?: string | undefined; className?: string | undefined; color?: string | undefined; variant?: "default" | ... 3 more ... | undefined; } & Omit<...>'.
  Property 'compact' does not exist on type 'IntrinsicAttributes & { action?: RowActionKey | undefined; icon?: LucideIcon | undefined; onClick?: ((e: MouseEvent<Element, MouseEvent>) => void) | undefined; title?: string | undefined; className?: string | undefined; color?: string | undefined; variant?: "default" | ... 3 more ... | undefined; } & Omit<...>'.
features/pos/hooks/queryKeys.ts(2,38): error TS2307: Cannot find module '../types' or its corresponding type declarations.
features/pos/hooks/queryKeys.ts(63,5): error TS7023: 'detail' implicitly has return type 'any' because it does not have a return type annotation and is referenced directly or indirectly in one of its return expressions.
features/pos/hooks/queryKeys.ts(63,51): error TS2554: Expected 1 arguments, but got 0.
features/pos/hooks/useDraftSync.ts(231,82): error TS2304: Cannot find name 'draftId'.
features/production/components/ProductionOrderDetailClient.tsx(39,5): error TS2322: Type 'null' is not assignable to type '{ internal_notes?: string | undefined; product_description?: string | undefined; contact_id?: string | number | null | undefined; contact_name?: string | undefined; contact_tax_id?: string | undefined; ... 17 more ...; postpress?: { ...; } | undefined; } | undefined'.
features/production/components/ProductionOrderDetailClient.tsx(49,5): error TS2322: Type 'null' is not assignable to type '{ id: number; product?: { name: string; } | undefined; description?: string | undefined; quantity?: number | undefined; uom?: { name: string; } | undefined; } | undefined'.
features/production/components/ProductionOrderDetailClient.tsx(50,5): error TS2322: Type 'null' is not assignable to type '{ id: number; number: string; } | undefined'.
features/production/components/WorkOrderWizard.tsx(567,46): error TS2345: Argument of type 'string | undefined' is not assignable to parameter of type 'string | null'.
  Type 'undefined' is not assignable to type 'string | null'.
features/production/components/WorkOrderWizard.tsx(568,45): error TS2345: Argument of type 'string | undefined' is not assignable to parameter of type 'string | null'.
  Type 'undefined' is not assignable to type 'string | null'.
features/production/components/WorkOrderWizardStore.ts(19,14): error TS2304: Cannot find name 'ManufacturingData'.
features/production/components/WorkOrderWizardStore.ts(20,20): error TS2304: Cannot find name 'Contact'.
features/production/components/WorkOrderWizardStore.ts(76,26): error TS2304: Cannot find name 'ManufacturingData'.
features/production/components/WorkOrderWizardStore.ts(77,33): error TS2304: Cannot find name 'Contact'.
features/production/components/WorkOrderWizardStore.ts(88,7): error TS2740: Type '{ order: null; loading: true; viewingStepIndex: number; stepMode: "view"; chosenOtType: null; selectedSaleOrder: null; selectedSaleLine: null; selectedProduct: null; productDescription: string; ... 17 more ...; rectificationProducedQty: null; }' is missing the following properties from type 'WizardState': setOrder, setLoading, setViewingStepIndex, setStepMode, and 25 more.
features/production/components/steps/ManufacturingConfigStep.tsx(143,5): error TS2322: Type 'SubmitHandler<{ internal_notes: string; otType: "LINKED"; description: string; sale_order: string; sale_line: string; product_description: string; contact_id: string; start_date?: Date | null | undefined; due_date?: Date | ... 1 more ... | undefined; } | { ...; }>' is not assignable to type 'Resolver<{ internal_notes: string; otType: "LINKED"; description: string; sale_order: string; sale_line: string; product_description: string; contact_id: string; start_date?: Date | null | undefined; due_date?: Date | ... 1 more ... | undefined; } | { ...; }, any, { ...; } | { ...; }>'.
  Type 'unknown' is not assignable to type 'ResolverResult<{ internal_notes: string; otType: "LINKED"; description: string; sale_order: string; sale_line: string; product_description: string; contact_id: string; start_date?: Date | null | undefined; due_date?: Date | ... 1 more ... | undefined; } | { ...; }, { ...; } | { ...; }> | Promise<...>'.
features/production/components/steps/ManufacturingConfigStep.tsx(399,68): error TS2345: Argument of type 'SubmitHandler<{ internal_notes: string; otType: "LINKED"; description: string; sale_order: string; sale_line: string; product_description: string; contact_id: string; start_date?: Date | null | undefined; due_date?: Date | ... 1 more ... | undefined; } | { ...; }>' is not assignable to parameter of type 'SubmitHandler<TFieldValues>'.
  Type 'TFieldValues' is not assignable to type '{ internal_notes: string; otType: "LINKED"; description: string; sale_order: string; sale_line: string; product_description: string; contact_id: string; start_date?: Date | null | undefined; due_date?: Date | ... 1 more ... | undefined; } | { ...; }'.
    Type 'FieldValues' is not assignable to type '{ internal_notes: string; otType: "LINKED"; description: string; sale_order: string; sale_line: string; product_description: string; contact_id: string; start_date?: Date | null | undefined; due_date?: Date | ... 1 more ... | undefined; } | { ...; }'.
      Type 'FieldValues' is missing the following properties from type '{ internal_notes: string; otType: "LINKED"; description: string; sale_order: string; sale_line: string; product_description: string; contact_id: string; start_date?: Date | null | undefined; due_date?: Date | ... 1 more ... | undefined; }': internal_notes, otType, description, sale_order, and 3 more.
        Type 'TFieldValues' is not assignable to type '{ internal_notes: string; otType: "NONE"; description: string; product_id: string; quantity: string; uom_id: string; start_date?: Date | null | undefined; due_date?: Date | null | undefined; }'.
          Type 'FieldValues' is missing the following properties from type '{ internal_notes: string; otType: "NONE"; description: string; product_id: string; quantity: string; uom_id: string; start_date?: Date | null | undefined; due_date?: Date | null | undefined; }': internal_notes, otType, description, product_id, and 2 more.
features/production/components/steps/ManufacturingConfigStep.tsx(462,19): error TS2322: Type 'Control<{ internal_notes: string; otType: "LINKED"; description: string; sale_order: string; sale_line: string; product_description: string; contact_id: string; start_date?: Date | null | undefined; due_date?: Date | ... 1 more ... | undefined; } | { ...; }, any, TFieldValues>' is not assignable to type 'Control<{ internal_notes: string; otType: "LINKED"; description: string; sale_order: string; sale_line: string; product_description: string; contact_id: string; start_date?: Date | null | undefined; due_date?: Date | ... 1 more ... | undefined; } | { ...; }, any, { ...; } | { ...; }>'.
  The types of '_options.resolver' are incompatible between these types.
    Type 'Resolver<{ internal_notes: string; otType: "LINKED"; description: string; sale_order: string; sale_line: string; product_description: string; contact_id: string; start_date?: Date | null | undefined; due_date?: Date | ... 1 more ... | undefined; } | { ...; }, any, TFieldValues> | undefined' is not assignable to type 'Resolver<{ internal_notes: string; otType: "LINKED"; description: string; sale_order: string; sale_line: string; product_description: string; contact_id: string; start_date?: Date | null | undefined; due_date?: Date | ... 1 more ... | undefined; } | { ...; }, any, { ...; } | { ...; }> | undefined'.
      Type 'Resolver<{ internal_notes: string; otType: "LINKED"; description: string; sale_order: string; sale_line: string; product_description: string; contact_id: string; start_date?: Date | null | undefined; due_date?: Date | ... 1 more ... | undefined; } | { ...; }, any, TFieldValues>' is not assignable to type 'Resolver<{ internal_notes: string; otType: "LINKED"; description: string; sale_order: string; sale_line: string; product_description: string; contact_id: string; start_date?: Date | null | undefined; due_date?: Date | ... 1 more ... | undefined; } | { ...; }, any, { ...; } | { ...; }>'.
        Type 'ResolverResult<{ internal_notes: string; otType: "LINKED"; description: string; sale_order: string; sale_line: string; product_description: string; contact_id: string; start_date?: Date | null | undefined; due_date?: Date | ... 1 more ... | undefined; } | { ...; }, TFieldValues> | Promise<...>' is not assignable to type 'ResolverResult<{ internal_notes: string; otType: "LINKED"; description: string; sale_order: string; sale_line: string; product_description: string; contact_id: string; start_date?: Date | null | undefined; due_date?: Date | ... 1 more ... | undefined; } | { ...; }, { ...; } | { ...; }> | Promise<...>'.
          Type 'ResolverSuccess<TFieldValues>' is not assignable to type 'ResolverResult<{ internal_notes: string; otType: "LINKED"; description: string; sale_order: string; sale_line: string; product_description: string; contact_id: string; start_date?: Date | null | undefined; due_date?: Date | ... 1 more ... | undefined; } | { ...; }, { ...; } | { ...; }> | Promise<...>'.
            Type 'ResolverSuccess<TFieldValues>' is not assignable to type 'ResolverSuccess<{ internal_notes: string; otType: "LINKED"; description: string; sale_order: string; sale_line: string; product_description: string; contact_id: string; start_date?: Date | null | undefined; due_date?: Date | ... 1 more ... | undefined; } | { ...; }>'.
              Type 'TFieldValues' is not assignable to type '{ internal_notes: string; otType: "LINKED"; description: string; sale_order: string; sale_line: string; product_description: string; contact_id: string; start_date?: Date | null | undefined; due_date?: Date | ... 1 more ... | undefined; } | { ...; }'.
                Type 'FieldValues' is not assignable to type '{ internal_notes: string; otType: "LINKED"; description: string; sale_order: string; sale_line: string; product_description: string; contact_id: string; start_date?: Date | null | undefined; due_date?: Date | ... 1 more ... | undefined; } | { ...; }'.
                  Type 'FieldValues' is missing the following properties from type '{ internal_notes: string; otType: "LINKED"; description: string; sale_order: string; sale_line: string; product_description: string; contact_id: string; start_date?: Date | null | undefined; due_date?: Date | ... 1 more ... | undefined; }': internal_notes, otType, description, sale_order, and 3 more.
                    Type 'TFieldValues' is not assignable to type '{ internal_notes: string; otType: "NONE"; description: string; product_id: string; quantity: string; uom_id: string; start_date?: Date | null | undefined; due_date?: Date | null | undefined; }'.
                      Type 'FieldValues' is missing the following properties from type '{ internal_notes: string; otType: "NONE"; description: string; product_id: string; quantity: string; uom_id: string; start_date?: Date | null | undefined; due_date?: Date | null | undefined; }': internal_notes, otType, description, product_id, and 2 more.
features/production/components/steps/ManufacturingConfigStep.tsx(467,23): error TS2322: Type '(date: Date | null) => void' is not assignable to type '(date: Date | undefined) => void'.
  Types of parameters 'date' and 'date' are incompatible.
    Type 'Date | undefined' is not assignable to type 'Date | null'.
      Type 'undefined' is not assignable to type 'Date | null'.
features/production/components/steps/ManufacturingConfigStep.tsx(475,19): error TS2322: Type 'Control<{ internal_notes: string; otType: "LINKED"; description: string; sale_order: string; sale_line: string; product_description: string; contact_id: string; start_date?: Date | null | undefined; due_date?: Date | ... 1 more ... | undefined; } | { ...; }, any, TFieldValues>' is not assignable to type 'Control<{ internal_notes: string; otType: "LINKED"; description: string; sale_order: string; sale_line: string; product_description: string; contact_id: string; start_date?: Date | null | undefined; due_date?: Date | ... 1 more ... | undefined; } | { ...; }, any, { ...; } | { ...; }>'.
  The types of '_options.resolver' are incompatible between these types.
    Type 'Resolver<{ internal_notes: string; otType: "LINKED"; description: string; sale_order: string; sale_line: string; product_description: string; contact_id: string; start_date?: Date | null | undefined; due_date?: Date | ... 1 more ... | undefined; } | { ...; }, any, TFieldValues> | undefined' is not assignable to type 'Resolver<{ internal_notes: string; otType: "LINKED"; description: string; sale_order: string; sale_line: string; product_description: string; contact_id: string; start_date?: Date | null | undefined; due_date?: Date | ... 1 more ... | undefined; } | { ...; }, any, { ...; } | { ...; }> | undefined'.
      Type 'Resolver<{ internal_notes: string; otType: "LINKED"; description: string; sale_order: string; sale_line: string; product_description: string; contact_id: string; start_date?: Date | null | undefined; due_date?: Date | ... 1 more ... | undefined; } | { ...; }, any, TFieldValues>' is not assignable to type 'Resolver<{ internal_notes: string; otType: "LINKED"; description: string; sale_order: string; sale_line: string; product_description: string; contact_id: string; start_date?: Date | null | undefined; due_date?: Date | ... 1 more ... | undefined; } | { ...; }, any, { ...; } | { ...; }>'.
        Type 'ResolverResult<{ internal_notes: string; otType: "LINKED"; description: string; sale_order: string; sale_line: string; product_description: string; contact_id: string; start_date?: Date | null | undefined; due_date?: Date | ... 1 more ... | undefined; } | { ...; }, TFieldValues> | Promise<...>' is not assignable to type 'ResolverResult<{ internal_notes: string; otType: "LINKED"; description: string; sale_order: string; sale_line: string; product_description: string; contact_id: string; start_date?: Date | null | undefined; due_date?: Date | ... 1 more ... | undefined; } | { ...; }, { ...; } | { ...; }> | Promise<...>'.
          Type 'ResolverSuccess<TFieldValues>' is not assignable to type 'ResolverResult<{ internal_notes: string; otType: "LINKED"; description: string; sale_order: string; sale_line: string; product_description: string; contact_id: string; start_date?: Date | null | undefined; due_date?: Date | ... 1 more ... | undefined; } | { ...; }, { ...; } | { ...; }> | Promise<...>'.
            Type 'ResolverSuccess<TFieldValues>' is not assignable to type 'ResolverSuccess<{ internal_notes: string; otType: "LINKED"; description: string; sale_order: string; sale_line: string; product_description: string; contact_id: string; start_date?: Date | null | undefined; due_date?: Date | ... 1 more ... | undefined; } | { ...; }>'.
              Type 'TFieldValues' is not assignable to type '{ internal_notes: string; otType: "LINKED"; description: string; sale_order: string; sale_line: string; product_description: string; contact_id: string; start_date?: Date | null | undefined; due_date?: Date | ... 1 more ... | undefined; } | { ...; }'.
                Type 'FieldValues' is not assignable to type '{ internal_notes: string; otType: "LINKED"; description: string; sale_order: string; sale_line: string; product_description: string; contact_id: string; start_date?: Date | null | undefined; due_date?: Date | ... 1 more ... | undefined; } | { ...; }'.
                  Type 'FieldValues' is missing the following properties from type '{ internal_notes: string; otType: "LINKED"; description: string; sale_order: string; sale_line: string; product_description: string; contact_id: string; start_date?: Date | null | undefined; due_date?: Date | ... 1 more ... | undefined; }': internal_notes, otType, description, sale_order, and 3 more.
                    Type 'TFieldValues' is not assignable to type '{ internal_notes: string; otType: "NONE"; description: string; product_id: string; quantity: string; uom_id: string; start_date?: Date | null | undefined; due_date?: Date | null | undefined; }'.
                      Type 'FieldValues' is missing the following properties from type '{ internal_notes: string; otType: "NONE"; description: string; product_id: string; quantity: string; uom_id: string; start_date?: Date | null | undefined; due_date?: Date | null | undefined; }': internal_notes, otType, description, product_id, and 2 more.
features/production/components/steps/ManufacturingConfigStep.tsx(480,23): error TS2322: Type '(date: Date | null) => void' is not assignable to type '(date: Date | undefined) => void'.
  Types of parameters 'date' and 'date' are incompatible.
    Type 'Date | undefined' is not assignable to type 'Date | null'.
      Type 'undefined' is not assignable to type 'Date | null'.
features/production/components/steps/ManufacturingConfigStep.tsx(517,21): error TS2322: Type '(contact: import("/home/pato/Nextcloud/Pato/Aplicaciones/ERPGrafico/frontend/features/contacts/types/index").Contact) => void' is not assignable to type '(contact: import("/home/pato/Nextcloud/Pato/Aplicaciones/ERPGrafico/frontend/types/entities").Contact) => void'.
  Types of parameters 'contact' and 'contact' are incompatible.
    Property 'payment_terms' is missing in type 'import("/home/pato/Nextcloud/Pato/Aplicaciones/ERPGrafico/frontend/types/entities").Contact' but required in type 'import("/home/pato/Nextcloud/Pato/Aplicaciones/ERPGrafico/frontend/features/contacts/types/index").Contact'.
features/production/components/steps/MaterialAssignmentStep.tsx(151,62): error TS2322: Type '{ action: "edit"; compact: true; onClick: () => void; }' is not assignable to type 'IntrinsicAttributes & { action?: RowActionKey | undefined; icon?: LucideIcon | undefined; onClick?: ((e: MouseEvent<Element, MouseEvent>) => void) | undefined; title?: string | undefined; className?: string | undefined; color?: string | undefined; variant?: "default" | ... 3 more ... | undefined; } & Omit<...>'.
  Property 'compact' does not exist on type 'IntrinsicAttributes & { action?: RowActionKey | undefined; icon?: LucideIcon | undefined; onClick?: ((e: MouseEvent<Element, MouseEvent>) => void) | undefined; title?: string | undefined; className?: string | undefined; color?: string | undefined; variant?: "default" | ... 3 more ... | undefined; } & Omit<...>'.
features/production/components/steps/MaterialAssignmentStep.tsx(152,64): error TS2322: Type '{ action: "delete"; compact: true; onClick: () => void; }' is not assignable to type 'IntrinsicAttributes & { action?: RowActionKey | undefined; icon?: LucideIcon | undefined; onClick?: ((e: MouseEvent<Element, MouseEvent>) => void) | undefined; title?: string | undefined; className?: string | undefined; color?: string | undefined; variant?: "default" | ... 3 more ... | undefined; } & Omit<...>'.
  Property 'compact' does not exist on type 'IntrinsicAttributes & { action?: RowActionKey | undefined; icon?: LucideIcon | undefined; onClick?: ((e: MouseEvent<Element, MouseEvent>) => void) | undefined; title?: string | undefined; className?: string | undefined; color?: string | undefined; variant?: "default" | ... 3 more ... | undefined; } & Omit<...>'.
features/production/components/steps/PrepressStep.tsx(51,23): error TS2322: Type '{ action: "download"; compact: true; onClick: () => Window | null; }' is not assignable to type 'IntrinsicAttributes & { action?: RowActionKey | undefined; icon?: LucideIcon | undefined; onClick?: ((e: MouseEvent<Element, MouseEvent>) => void) | undefined; title?: string | undefined; className?: string | undefined; color?: string | undefined; variant?: "default" | ... 3 more ... | undefined; } & Omit<...>'.
  Property 'compact' does not exist on type 'IntrinsicAttributes & { action?: RowActionKey | undefined; icon?: LucideIcon | undefined; onClick?: ((e: MouseEvent<Element, MouseEvent>) => void) | undefined; title?: string | undefined; className?: string | undefined; color?: string | undefined; variant?: "default" | ... 3 more ... | undefined; } & Omit<...>'.
features/production/components/steps/PrepressStep.tsx(85,25): error TS2322: Type '{ action: "download"; compact: true; onClick: () => Window | null; }' is not assignable to type 'IntrinsicAttributes & { action?: RowActionKey | undefined; icon?: LucideIcon | undefined; onClick?: ((e: MouseEvent<Element, MouseEvent>) => void) | undefined; title?: string | undefined; className?: string | undefined; color?: string | undefined; variant?: "default" | ... 3 more ... | undefined; } & Omit<...>'.
  Property 'compact' does not exist on type 'IntrinsicAttributes & { action?: RowActionKey | undefined; icon?: LucideIcon | undefined; onClick?: ((e: MouseEvent<Element, MouseEvent>) => void) | undefined; title?: string | undefined; className?: string | undefined; color?: string | undefined; variant?: "default" | ... 3 more ... | undefined; } & Omit<...>'.
features/production/components/steps/ProductSelectionStep.tsx(111,34): error TS2339: Property 'image_thumbnail' does not exist on type 'BaseProduct'.
features/production/components/steps/ProductSelectionStep.tsx(113,42): error TS2339: Property 'image_thumbnail' does not exist on type 'BaseProduct'.
features/production/components/steps/ProductSelectionStep.tsx(153,34): error TS2551: Property 'stock_available' does not exist on type 'BaseProduct'. Did you mean 'qty_available'?
features/production/components/steps/ProductSelectionStep.tsx(156,65): error TS2551: Property 'stock_available' does not exist on type 'BaseProduct'. Did you mean 'qty_available'?
features/production/components/steps/SaleOrderProductStep.tsx(55,38): error TS2339: Property 'id' does not exist on type 'string | number'.
  Property 'id' does not exist on type 'string'.
features/production/components/steps/SaleOrderProductStep.tsx(84,18): error TS2339: Property 'id' does not exist on type 'string | number'.
  Property 'id' does not exist on type 'string'.
features/production/components/steps/SaleOrderProductStep.tsx(144,51): error TS2339: Property 'lines' does not exist on type 'SaleOrder'.
features/production/components/steps/SaleOrderProductStep.tsx(176,47): error TS2339: Property 'date' does not exist on type 'SaleOrder'.
features/production/components/steps/SaleOrderProductStep.tsx(181,36): error TS2339: Property 'customer' does not exist on type 'SaleOrder'.
features/production/components/steps/SaleOrderProductStep.tsx(186,38): error TS2339: Property 'lines' does not exist on type 'SaleOrder'.
features/production/components/steps/SaleOrderProductStep.tsx(192,39): error TS2339: Property 'lines' does not exist on type 'SaleOrder'.
features/production/components/steps/SaleOrderProductStep.tsx(255,76): error TS2339: Property 'id' does not exist on type 'string | number'.
  Property 'id' does not exist on type 'string'.
features/production/components/steps/SaleOrderProductStep.tsx(260,46): error TS2339: Property 'image_thumbnail' does not exist on type 'string | number'.
  Property 'image_thumbnail' does not exist on type 'string'.
features/production/components/steps/SaleOrderProductStep.tsx(262,53): error TS2339: Property 'image_thumbnail' does not exist on type 'string | number'.
  Property 'image_thumbnail' does not exist on type 'string'.
features/production/components/steps/SaleOrderProductStep.tsx(263,54): error TS2339: Property 'name' does not exist on type 'string | number'.
  Property 'name' does not exist on type 'string'.
features/production/components/steps/SaleOrderProductStep.tsx(278,51): error TS2339: Property 'code' does not exist on type 'string | number'.
  Property 'code' does not exist on type 'string'.
features/production/components/steps/SaleOrderProductStep.tsx(289,46): error TS2339: Property 'requires_advanced_manufacturing' does not exist on type 'string | number'.
  Property 'requires_advanced_manufacturing' does not exist on type 'string'.
features/sales/components/checkout/SalesCheckoutWizardContent.tsx(240,50): error TS2345: Argument of type 'string' is not assignable to parameter of type 'number'.
features/sales/components/checkout/SalesCheckoutWizardContent.tsx(299,29): error TS2322: Type 'PendingDebt[] | null' is not assignable to type 'PendingDebt[] | null | undefined'.
  Type 'import("/home/pato/Nextcloud/Pato/Aplicaciones/ERPGrafico/frontend/features/contacts/hooks/useContacts").PendingDebt[]' is not assignable to type 'import("/home/pato/Nextcloud/Pato/Aplicaciones/ERPGrafico/frontend/features/sales/types/index").PendingDebt[]'.
    Type 'PendingDebt' is missing the following properties from type 'PendingDebt': number, days_overdue
features/sales/components/checkout/SalesCheckoutWizardContent.tsx(669,37): error TS2345: Argument of type 'unknown' is not assignable to parameter of type 'SetStateAction<CreditApprovalTask | null>'.
features/sales/components/checkout/Step2_ManufacturingDetails.tsx(142,21): error TS2559: Type 'string' has no properties in common with type '{ title?: string | undefined; description?: string | undefined; icon?: LucideIcon | undefined; action?: ReactNode; context?: EmptyStateContext | undefined; }'.
hooks/useSelectedEntity.test.tsx(58,30): error TS2352: Conversion of type 'typeof import("/home/pato/Nextcloud/Pato/Aplicaciones/ERPGrafico/frontend/lib/api")' to type '{ default: { get: Mock<Procedure | Constructable>; }; }' may be a mistake because neither type sufficiently overlaps with the other. If this was intentional, convert the expression to 'unknown' first.
  The types of 'default.get' are incompatible between these types.
    Type '<T = any, R = AxiosResponse<T, any, {}>, D = any>(url: string, config?: AxiosRequestConfig<D> | undefined) => Promise<R>' is not comparable to type 'Mock<Procedure | Constructable>'.
      Type '<T = any, R = AxiosResponse<T, any, {}>, D = any>(url: string, config?: AxiosRequestConfig<D> | undefined) => Promise<R>' is not comparable to type 'MockInstance<Procedure | Constructable> & { (...args: any[]): any; new (...args: any[]): any; } & {}'.
        Type '<T = any, R = AxiosResponse<T, any, {}>, D = any>(url: string, config?: AxiosRequestConfig<D> | undefined) => Promise<R>' is not comparable to type 'MockInstance<Procedure | Constructable>'.
instrumentation-client.ts(18,47): error TS2339: Property 'captureRouterTransitionStart' does not exist on type 'typeof import("/home/pato/Nextcloud/Pato/Aplicaciones/ERPGrafico/frontend/node_modules/@sentry/nextjs/build/types/index.types")'.
